<?xml version="1.0" encoding="utf-8"?><testsuites name="pytest tests"><testsuite name="pytest" errors="0" failures="0" skipped="0" tests="7" time="0.662" timestamp="2026-04-21T07:07:41.311354+00:00" hostname="agent-env-481bcaf0-b6fc-4137-98ea-4ef9ae1eea66"><testcase classname="backend.tests.test_leads" name="test_api_root" time="0.232" /><testcase classname="backend.tests.test_leads" name="test_create_lead_valid" time="0.129" /><testcase classname="backend.tests.test_leads" name="test_create_lead_invalid_email" time="0.049" /><testcase classname="backend.tests.test_leads" name="test_create_lead_missing_fields" time="0.045" /><testcase classname="backend.tests.test_leads" name="test_create_lead_empty_name" time="0.043" /><testcase classname="backend.tests.test_leads" name="test_list_leads_no_mongo_id" time="0.046" /><testcase classname="backend.tests.test_leads" name="test_list_leads_limit" time="0.050" /></testsuite></testsuites>